This is pdfTeX, Version 3.141592653-2.6-1.40.24 (TeX Live 2022) (preloaded format=pdflatex 2023.3.19)  24 JUL 2023 13:23
entering extended mode
 restricted \write18 enabled.
 file:line:error style messages enabled.
 %&-line parsing enabled.
**c:/Users/Nostalgia/Desktop/DeepLearningProject/Past_Example/FinalPaper_Indicative-Template-Latex/projectpaper.tex
(c:/Users/Nostalgia/Desktop/DeepLearningProject/Past_Example/FinalPaper_Indicative-Template-Latex/projectpaper.tex
LaTeX2e <2022-11-01> patch level 1
L3 programming layer <2023-02-22> (c:/Users/Nostalgia/AppData/Roaming/TinyTeX/texmf-dist/tex/latex/base/article.cls
Document Class: article 2022/07/02 v1.4n Standard LaTeX document class
(c:/Users/Nostalgia/AppData/Roaming/TinyTeX/texmf-dist/tex/latex/base/size11.clo
File: size11.clo 2022/07/02 v1.4n Standard LaTeX file (size option)
)
\c@part=\count185
\c@section=\count186
\c@subsection=\count187
\c@subsubsection=\count188
\c@paragraph=\count189
\c@subparagraph=\count190
\c@figure=\count191
\c@table=\count192
\abovecaptionskip=\skip48
\belowcaptionskip=\skip49
\bibindent=\dimen140
) (c:/Users/Nostalgia/AppData/Roaming/TinyTeX/texmf-dist/tex/latex/psnfss/times.sty
Package: times 2020/03/25 PSNFSS-v9.3 (SPQR) 
) (./durhampaper.sty
Durham CS undergraduate paper style 'durhampaper.sty'.
)

! LaTeX Error: File `harvard.sty' not found.

Type X to quit or <RETURN> to proceed,
or enter new name. (Default extension: sty)

Enter file name: 
c:/Users/Nostalgia/Desktop/DeepLearningProject/Past_Example/FinalPaper_Indicative-Template-Latex/projectpaper.tex:5: Emergency stop.
<read *> 
         
l.5 ^^M
       
*** (cannot \read from terminal in nonstop modes)

 
Here is how much of TeX's memory you used:
 286 strings out of 477984
 4817 string characters out of 5837249
 1849382 words of memory out of 5000000
 20565 multiletter control sequences out of 15000+600000
 512587 words of font info for 33 fonts, out of 8000000 for 9000
 14 hyphenation exceptions out of 8191
 32i,0n,38p,244b,36s stack positions out of 10000i,1000n,20000p,200000b,200000s
c:/Users/Nostalgia/Desktop/DeepLearningProject/Past_Example/FinalPaper_Indicative-Template-Latex/projectpaper.tex:5:  ==> Fatal error occurred, no output PDF file produced!
